<?xml version="1.0" encoding="UTF-8"?>
<!-- Generated by org.testng.reporters.JUnitXMLReporter -->
<testsuite ignored="0" hostname="DESKTOP-1580EJV" failures="0" tests="2" name="useractionsPageTest" time="40.628" errors="0" timestamp="2024-09-19T19:10:39 IST">
  <testcase classname="testscript.UserActionsPageTest" name="verify_UserEdit_Action" time="7.182"/>
  <testcase classname="testscript.UserActionsPageTest" name="verify_ViewUser_Page" time="4.827"/>
</testsuite> <!-- useractionsPageTest -->
