<?xml version="1.0" encoding="UTF-8"?>
<testng-results ignored="0" total="3" passed="3" failed="0" skipped="0">
  <reporter-output>
  </reporter-output>
  <suite started-at="2024-09-19T19:09:59 IST" name="Suite" finished-at="2024-09-19T19:10:39 IST" duration-ms="40628">
    <groups>
    </groups>
    <test started-at="2024-09-19T19:09:59 IST" name="loginPageTest" finished-at="2024-09-19T19:10:18 IST" duration-ms="19834">
      <class name="testscript.HomePage_Test">
        <test-method is-config="true" signature="setup()[pri:0, instance:testscript.HomePage_Test@6cf0e0ba]" started-at="2024-09-19T19:09:59 IST" name="setup" finished-at="2024-09-19T19:10:07 IST" duration-ms="8349" status="PASS">
          <reporter-output>
          </reporter-output>
        </test-method> <!-- setup -->
        <test-method signature="verify_userLogin_date()[pri:0, instance:testscript.HomePage_Test@6cf0e0ba]" started-at="2024-09-19T19:10:07 IST" name="verify_userLogin_date" finished-at="2024-09-19T19:10:18 IST" duration-ms="11038" status="PASS">
          <reporter-output>
          </reporter-output>
        </test-method> <!-- verify_userLogin_date -->
        <test-method is-config="true" signature="closeBrowser(org.testng.ITestResult)[pri:0, instance:testscript.HomePage_Test@6cf0e0ba]" started-at="2024-09-19T19:10:18 IST" name="closeBrowser" finished-at="2024-09-19T19:10:18 IST" duration-ms="362" status="PASS">
          <params>
            <param index="0">
              <value>
                <![CDATA[[TestResult name=verify_userLogin_date status=SUCCESS method=HomePage_Test.verify_userLogin_date()[pri:0, instance:testscript.HomePage_Test@6cf0e0ba] output={null}]]]>
              </value>
            </param>
          </params>
          <reporter-output>
          </reporter-output>
        </test-method> <!-- closeBrowser -->
      </class> <!-- testscript.HomePage_Test -->
    </test> <!-- loginPageTest -->
    <test started-at="2024-09-19T19:09:59 IST" name="useractionsPageTest" finished-at="2024-09-19T19:10:39 IST" duration-ms="40628">
      <class name="testscript.UserActionsPageTest">
        <test-method is-config="true" signature="setup()[pri:0, instance:testscript.UserActionsPageTest@1165b38]" started-at="2024-09-19T19:09:59 IST" name="setup" finished-at="2024-09-19T19:10:12 IST" duration-ms="13216" status="PASS">
          <reporter-output>
          </reporter-output>
        </test-method> <!-- setup -->
        <test-method signature="verify_UserEdit_Action()[pri:0, instance:testscript.UserActionsPageTest@1165b38]" started-at="2024-09-19T19:10:12 IST" name="verify_UserEdit_Action" finished-at="2024-09-19T19:10:19 IST" duration-ms="7182" status="PASS">
          <reporter-output>
          </reporter-output>
        </test-method> <!-- verify_UserEdit_Action -->
        <test-method is-config="true" signature="closeBrowser(org.testng.ITestResult)[pri:0, instance:testscript.UserActionsPageTest@1165b38]" started-at="2024-09-19T19:10:19 IST" name="closeBrowser" finished-at="2024-09-19T19:10:19 IST" duration-ms="378" status="PASS">
          <params>
            <param index="0">
              <value>
                <![CDATA[[TestResult name=verify_UserEdit_Action status=SUCCESS method=UserActionsPageTest.verify_UserEdit_Action()[pri:0, instance:testscript.UserActionsPageTest@1165b38] output={null}]]]>
              </value>
            </param>
          </params>
          <reporter-output>
          </reporter-output>
        </test-method> <!-- closeBrowser -->
        <test-method is-config="true" signature="setup()[pri:0, instance:testscript.UserActionsPageTest@1165b38]" started-at="2024-09-19T19:10:19 IST" name="setup" finished-at="2024-09-19T19:10:34 IST" duration-ms="14643" status="PASS">
          <reporter-output>
          </reporter-output>
        </test-method> <!-- setup -->
        <test-method signature="verify_ViewUser_Page()[pri:0, instance:testscript.UserActionsPageTest@1165b38]" started-at="2024-09-19T19:10:34 IST" name="verify_ViewUser_Page" finished-at="2024-09-19T19:10:39 IST" duration-ms="4827" status="PASS">
          <reporter-output>
          </reporter-output>
        </test-method> <!-- verify_ViewUser_Page -->
        <test-method is-config="true" signature="closeBrowser(org.testng.ITestResult)[pri:0, instance:testscript.UserActionsPageTest@1165b38]" started-at="2024-09-19T19:10:39 IST" name="closeBrowser" finished-at="2024-09-19T19:10:39 IST" duration-ms="299" status="PASS">
          <params>
            <param index="0">
              <value>
                <![CDATA[[TestResult name=verify_ViewUser_Page status=SUCCESS method=UserActionsPageTest.verify_ViewUser_Page()[pri:0, instance:testscript.UserActionsPageTest@1165b38] output={null}]]]>
              </value>
            </param>
          </params>
          <reporter-output>
          </reporter-output>
        </test-method> <!-- closeBrowser -->
      </class> <!-- testscript.UserActionsPageTest -->
    </test> <!-- useractionsPageTest -->
  </suite> <!-- Suite -->
</testng-results>
